CRITICAL - 2023-08-27 19:59:33 --> Cannot redeclare App\Controllers\Home::index()
in APPPATH\Controllers\Home.php on line 31.
 1 [internal function]: CodeIgniter\Debug\Exceptions->shutdownHandler()
CRITICAL - 2023-08-27 20:00:12 --> Return value of App\Controllers\Home::index() must be of the type string, none returned
in APPPATH\Controllers\Home.php on line 13.
 1 SYSTEMPATH\CodeIgniter.php(915): App\Controllers\Home->index()
 2 SYSTEMPATH\CodeIgniter.php(492): CodeIgniter\CodeIgniter->runController(Object(App\Controllers\Home))
 3 SYSTEMPATH\CodeIgniter.php(353): CodeIgniter\CodeIgniter->handleRequest(null, Object(Config\Cache), false)
 4 FCPATH\index.php(79): CodeIgniter\CodeIgniter->run()
CRITICAL - 2023-08-27 20:00:45 --> syntax error, unexpected '{'
in APPPATH\Controllers\Home.php on line 8.
 1 SYSTEMPATH\Autoloader\Autoloader.php(285): CodeIgniter\Autoloader\Autoloader->includeFile('C:\\xampp\\htdocs\\integradora2\\app\\Controllers\\Home.php')
 2 SYSTEMPATH\Autoloader\Autoloader.php(263): CodeIgniter\Autoloader\Autoloader->loadInNamespace('App\\Controllers\\Home')
 3 [internal function]: CodeIgniter\Autoloader\Autoloader->loadClass('App\\Controllers\\Home')
 4 [internal function]: spl_autoload_call('App\\Controllers\\Home')
 5 SYSTEMPATH\CodeIgniter.php(873): class_exists('\\App\\Controllers\\Home', true)
 6 SYSTEMPATH\CodeIgniter.php(479): CodeIgniter\CodeIgniter->startController()
 7 SYSTEMPATH\CodeIgniter.php(353): CodeIgniter\CodeIgniter->handleRequest(null, Object(Config\Cache), false)
 8 FCPATH\index.php(79): CodeIgniter\CodeIgniter->run()
CRITICAL - 2023-08-27 20:00:46 --> syntax error, unexpected '{'
in APPPATH\Controllers\Home.php on line 8.
 1 SYSTEMPATH\Autoloader\Autoloader.php(285): CodeIgniter\Autoloader\Autoloader->includeFile('C:\\xampp\\htdocs\\integradora2\\app\\Controllers\\Home.php')
 2 SYSTEMPATH\Autoloader\Autoloader.php(263): CodeIgniter\Autoloader\Autoloader->loadInNamespace('App\\Controllers\\Home')
 3 [internal function]: CodeIgniter\Autoloader\Autoloader->loadClass('App\\Controllers\\Home')
 4 [internal function]: spl_autoload_call('App\\Controllers\\Home')
 5 SYSTEMPATH\CodeIgniter.php(873): class_exists('\\App\\Controllers\\Home', true)
 6 SYSTEMPATH\CodeIgniter.php(479): CodeIgniter\CodeIgniter->startController()
 7 SYSTEMPATH\CodeIgniter.php(353): CodeIgniter\CodeIgniter->handleRequest(null, Object(Config\Cache), false)
 8 FCPATH\index.php(79): CodeIgniter\CodeIgniter->run()
CRITICAL - 2023-08-27 20:00:46 --> syntax error, unexpected '{'
in APPPATH\Controllers\Home.php on line 8.
 1 SYSTEMPATH\Autoloader\Autoloader.php(285): CodeIgniter\Autoloader\Autoloader->includeFile('C:\\xampp\\htdocs\\integradora2\\app\\Controllers\\Home.php')
 2 SYSTEMPATH\Autoloader\Autoloader.php(263): CodeIgniter\Autoloader\Autoloader->loadInNamespace('App\\Controllers\\Home')
 3 [internal function]: CodeIgniter\Autoloader\Autoloader->loadClass('App\\Controllers\\Home')
 4 [internal function]: spl_autoload_call('App\\Controllers\\Home')
 5 SYSTEMPATH\CodeIgniter.php(873): class_exists('\\App\\Controllers\\Home', true)
 6 SYSTEMPATH\CodeIgniter.php(479): CodeIgniter\CodeIgniter->startController()
 7 SYSTEMPATH\CodeIgniter.php(353): CodeIgniter\CodeIgniter->handleRequest(null, Object(Config\Cache), false)
 8 FCPATH\index.php(79): CodeIgniter\CodeIgniter->run()
CRITICAL - 2023-08-27 20:14:49 --> Invalid file: "front/acerca_de.php"
in SYSTEMPATH\Exceptions\FrameworkException.php on line 39.
 1 SYSTEMPATH\View\View.php(214): CodeIgniter\Exceptions\FrameworkException::forInvalidFile('front/acerca_de.php')
 2 SYSTEMPATH\Common.php(1178): CodeIgniter\View\View->render('front/acerca_de', [], true)
 3 APPPATH\Controllers\Home.php(27): view('front/acerca_de')
 4 SYSTEMPATH\CodeIgniter.php(915): App\Controllers\Home->acerca_de()
 5 SYSTEMPATH\CodeIgniter.php(492): CodeIgniter\CodeIgniter->runController(Object(App\Controllers\Home))
 6 SYSTEMPATH\CodeIgniter.php(353): CodeIgniter\CodeIgniter->handleRequest(null, Object(Config\Cache), false)
 7 FCPATH\index.php(79): CodeIgniter\CodeIgniter->run()
